<?xml version="1.0" encoding="UTF-8"?>
<!-- Generated by org.testng.reporters.JUnitReportReporter -->
<testsuite hostname="DESKTOP-6576BOH" failures="0" tests="1" name="javaMap.map" time="0.028" errors="0" timestamp="2024-05-15T15:01:28 IST" skipped="0">
  <testcase classname="javaMap.map" name="onlyDuplicatewithCount" time="0.028"/>
  <system-out/>
</testsuite> <!-- javaMap.map -->
