<?xml version="1.0" encoding="UTF-8"?>
<!-- Generated by org.testng.reporters.JUnitReportReporter -->
<testsuite hostname="DESKTOP-6576BOH" failures="0" tests="1" name="JAVA.reverseString" time="0.023" errors="0" timestamp="2024-05-29T14:38:41 IST" skipped="0">
  <testcase classname="JAVA.reverseString" name="ReverseString" time="0.023"/>
  <system-out/>
</testsuite> <!-- JAVA.reverseString -->
