<?xml version="1.0" encoding="UTF-8"?>
<!-- Generated by org.testng.reporters.JUnitReportReporter -->
<testsuite hostname="DESKTOP-6576BOH" failures="0" tests="1" name="JAVA.Interview2Qns" time="0.023" errors="0" timestamp="2024-05-28T16:26:27 IST" skipped="0">
  <testcase classname="JAVA.Interview2Qns" name="qn3" time="0.023"/>
  <system-out/>
</testsuite> <!-- JAVA.Interview2Qns -->
