<?xml version="1.0" encoding="UTF-8"?>
<!-- Generated by org.testng.reporters.JUnitReportReporter -->
<testsuite hostname="DESKTOP-6576BOH" failures="0" tests="1" name="JAVA.JavaPractice" time="0.029" errors="0" timestamp="2024-05-18T12:08:25 IST" skipped="0">
  <testcase classname="JAVA.JavaPractice" name="primenoCheck" time="0.029"/>
  <system-out/>
</testsuite> <!-- JAVA.JavaPractice -->
