<?xml version="1.0" encoding="UTF-8"?>
<!-- Generated by org.testng.reporters.JUnitReportReporter -->
<testsuite hostname="DESKTOP-6576BOH" failures="0" tests="1" name="JAVA.OccurrenceOfElement" time="0.019" errors="0" timestamp="2024-05-17T10:26:03 IST" skipped="0">
  <testcase classname="JAVA.OccurrenceOfElement" name="occurrenceOfEle3" time="0.019"/>
  <system-out/>
</testsuite> <!-- JAVA.OccurrenceOfElement -->
