<?xml version="1.0" encoding="UTF-8"?>
<!-- Generated by org.testng.reporters.JUnitReportReporter -->
<testsuite hostname="DESKTOP-6576BOH" failures="0" tests="1" name="JAVA.InterviewBasedQns" time="0.019" errors="0" timestamp="2024-06-05T14:11:54 IST" skipped="0">
  <testcase classname="JAVA.InterviewBasedQns" name="qn" time="0.019"/>
  <system-out/>
</testsuite> <!-- JAVA.InterviewBasedQns -->
