<?xml version="1.0" encoding="UTF-8"?>
<!-- Generated by org.testng.reporters.JUnitReportReporter -->
<testsuite hostname="DESKTOP-6576BOH" failures="0" tests="1" name="JAVA.JavaRandomQns" time="0.022" errors="0" timestamp="2024-06-05T15:12:06 IST" skipped="0">
  <testcase classname="JAVA.JavaRandomQns" name="qn" time="0.022"/>
  <system-out/>
</testsuite> <!-- JAVA.JavaRandomQns -->
