<?xml version="1.0" encoding="UTF-8"?>
<!-- Generated by org.testng.reporters.JUnitReportReporter -->
<testsuite hostname="DESKTOP-6576BOH" failures="0" tests="1" name="JAVA.Vowels" time="0.030" errors="0" timestamp="2024-05-15T17:57:35 IST" skipped="0">
  <testcase classname="JAVA.Vowels" name="withoutDuplicate" time="0.030"/>
  <system-out/>
</testsuite> <!-- JAVA.Vowels -->
