<?xml version="1.0" encoding="UTF-8"?>
<!-- Generated by org.testng.reporters.JUnitReportReporter -->
<testsuite hostname="DESKTOP-6576BOH" failures="0" tests="1" name="JAVA_Assignment.pattern" time="0.034" errors="0" timestamp="2024-05-21T17:32:11 IST" skipped="0">
  <testcase classname="JAVA_Assignment.pattern" name="pattern4" time="0.034"/>
  <system-out/>
</testsuite> <!-- JAVA_Assignment.pattern -->
