<?xml version="1.0" encoding="UTF-8"?>
<!-- Generated by org.testng.reporters.JUnitReportReporter -->
<testsuite hostname="DESKTOP-6576BOH" failures="0" tests="1" name="JAVA.NumberPgm" time="0.022" errors="0" timestamp="2024-05-30T17:54:48 IST" skipped="0">
  <testcase classname="JAVA.NumberPgm" name="Stringpgm" time="0.022"/>
  <system-out/>
</testsuite> <!-- JAVA.NumberPgm -->
