<?xml version="1.0" encoding="UTF-8"?>
<!-- Generated by org.testng.reporters.JUnitReportReporter -->
<testsuite hostname="DESKTOP-6576BOH" failures="0" tests="1" name="JAVA.mock" time="0.023" errors="0" timestamp="2024-06-07T13:09:48 IST" skipped="0">
  <testcase classname="JAVA.mock" name="qn5" time="0.023"/>
  <system-out/>
</testsuite> <!-- JAVA.mock -->
